Traceback (most recent call last):
  File "/Users/janreimann/miniforge3/envs/jup/lib/python3.9/site-packages/jupyter_cache/executors/utils.py", line 51, in single_nb_execution
    executenb(
  File "/Users/janreimann/miniforge3/envs/jup/lib/python3.9/site-packages/nbclient/client.py", line 1112, in execute
    return NotebookClient(nb=nb, resources=resources, km=km, **kwargs).execute()
  File "/Users/janreimann/miniforge3/envs/jup/lib/python3.9/site-packages/nbclient/util.py", line 74, in wrapped
    return just_run(coro(*args, **kwargs))
  File "/Users/janreimann/miniforge3/envs/jup/lib/python3.9/site-packages/nbclient/util.py", line 53, in just_run
    return loop.run_until_complete(coro)
  File "/Users/janreimann/miniforge3/envs/jup/lib/python3.9/asyncio/base_events.py", line 642, in run_until_complete
    return future.result()
  File "/Users/janreimann/miniforge3/envs/jup/lib/python3.9/site-packages/nbclient/client.py", line 553, in async_execute
    await self.async_execute_cell(
  File "/Users/janreimann/miniforge3/envs/jup/lib/python3.9/site-packages/nbclient/client.py", line 857, in async_execute_cell
    self._check_raise_for_error(cell, exec_reply)
  File "/Users/janreimann/miniforge3/envs/jup/lib/python3.9/site-packages/nbclient/client.py", line 760, in _check_raise_for_error
    raise CellExecutionError.from_cell_and_msg(cell, exec_reply_content)
nbclient.exceptions.CellExecutionError: An error occurred while executing the following cell:
------------------
%%itikz
\documentclass[tikz]{standalone}
\begin{document}
\begin{tikzpicture}[scale = 1.0]
\draw[white,fill=white] (0,-0.2) rectangle (3,3.8);

% axis
\draw[<->] (0,3) |- (3,0);
     
% dash lines
\draw[dashed,red] (0,1.04) node[left] {\textcolor{black}{$f(c)$}} -| (1.2,0);
\draw[dashed,red] (0,1.94) node[left] {\textcolor{black}{$f(d)$}} -| (1.8,0);

% draw curve
\draw [ultra thick] (0.5,0.5) cos (1.5,1.5) sin (2.5,2.5);

% draw points
\draw [black,fill=red] (1.2,1.04) circle (2.0pt);
\draw [black,fill=red] (1.8,1.94) circle (2.0pt);

\node[rotate=90] at (-0.5,1.5) {$<$};
\node[above] at (0.5,-0.6) {$a$};
\node[above] at (1.2,-0.6) {$c$};
\node[above] at (1.5,-0.6) {$<$};
\node[above] at (1.8,-0.6) {$d$};
\node[above] at (2.5,-0.6) {$b$};

% tick marks
\draw [thick] (0.5 cm,2pt) -- (0.5 cm,-2pt);
\draw [thick] (1.2 cm,2pt) -- (1.2 cm,-2pt);
\draw [thick] (1.8 cm,2pt) -- (1.8 cm,-2pt);
\draw [thick] (2.5 cm,2pt) -- (2.5 cm,-2pt);
\end{tikzpicture}
\end{document}
------------------


UsageError: Cell magic `%%itikz` not found.

